<?xml version="1.0" encoding="UTF-8"?>
<!-- Generated by org.testng.reporters.JUnitReportReporter -->
<testsuite skipped="2" hostname="Sai" name="TestPages.TestLogin" tests="2" failures="0" timestamp="2021-03-17T10:22:55 IST" time="0.000" errors="0">
  <testcase name="Valid_And_Invalid_Login" time="0.000" classname="TestPages.TestLogin">
    <skipped/>
  </testcase> <!-- Valid_And_Invalid_Login -->
  <system-out/>
  <testcase name="Valid_And_Invalid_Login" time="0.000" classname="TestPages.TestLogin">
    <skipped/>
  </testcase> <!-- Valid_And_Invalid_Login -->
  <system-out/>
</testsuite> <!-- TestPages.TestLogin -->
