<?xml version="1.0" encoding="UTF-8"?>
<!-- Generated by org.testng.reporters.JUnitReportReporter -->
<testsuite skipped="0" hostname="Sai" name="com.htc.screenShot.main.ScreenShot" tests="1" failures="0" timestamp="2021-02-26T17:07:04 IST" time="16.311" errors="0">
  <testcase name="testSearchBox_screenShot" time="16.311" classname="com.htc.screenShot.main.ScreenShot"/>
  <system-out/>
</testsuite> <!-- com.htc.screenShot.main.ScreenShot -->
