<?xml version="1.0" encoding="UTF-8"?>
<!-- Generated by org.testng.reporters.JUnitReportReporter -->
<testsuite skipped="0" hostname="Sai" name="com.htc.screenShot.main.ScreenShot" tests="1" failures="0" timestamp="2021-02-19T10:04:19 IST" time="44.193" errors="0">
  <testcase name="testSearchBox_screenShot" time="44.193" classname="com.htc.screenShot.main.ScreenShot"/>
  <system-out/>
</testsuite> <!-- com.htc.screenShot.main.ScreenShot -->
